This is pdfTeX, Version 3.14159265-2.6-1.40.18 (MiKTeX 2.9.6350 64-bit) (preloaded format=pdflatex 2017.12.7)  6 MAY 2018 18:43
entering extended mode
**./sample-thesis-0.tex
(sample-thesis-0.tex
LaTeX2e <2017-04-15>
Babel <3.10> and hyphenation patterns for 75 language(s) loaded.
(uuthesis2e.cls
Document Class: uuthesis2e 1998/04/01 v1.3 University of Utah Thesis Class
Document Style `uuthesis2e'. Version 1.8d - 6 Apr 1996
(Chicago.clo) ("C:\Program Files\MiKTeX 2.9_1\tex\latex\base\size11.clo"
File: size11.clo 2014/09/29 v1.4h Standard LaTeX file (size option)
)
Using 11pt option
Option 11pt uses 5pt for 'tiny': microfilm needs 2mm.
\footheight=\dimen102
\numberofappendices=\count79
\c@part=\count80
\c@chapter=\count81
\@titlesize=\dimen103
\@maxsize=\dimen104
\c@figure=\count82
\c@table=\count83
\descriptionmargin=\dimen105
\minilength=\skip41
\c@oldchapter=\count84
\c@oldtocdepth=\count85
) ("C:\Program Files\MiKTeX 2.9_1\tex\latex\amscls\amsthm.sty"
Package: amsthm 2015/03/04 v2.20.2
\thm@style=\toks14
\thm@bodyfont=\toks15
\thm@headfont=\toks16
\thm@notefont=\toks17
\thm@headpunct=\toks18
\thm@preskip=\skip42
\thm@postskip=\skip43
\thm@headsep=\skip44
\dth@everypar=\toks19
LaTeX Info: Redefining \qed on input line 264.
)
("C:\Program Files\MiKTeX 2.9_1\tex\latex\psnfss\mathpazo.sty"
Package: mathpazo 2005/04/12 PSNFSS-v9.2a Palatino w/ Pazo Math (D.Puga, WaS) 
\symupright=\mathgroup4
)
\c@section=\count86
\c@subsection=\count87
\c@paragraph=\count88
\c@subsubsection=\count89

("C:\Program Files\MiKTeX 2.9_1\tex\latex\amsmath\amsmath.sty"
Package: amsmath 2016/11/05 v2.16a AMS math features
\@mathmargin=\skip45

For additional information on amsmath, use the `?' option.
("C:\Program Files\MiKTeX 2.9_1\tex\latex\amsmath\amstext.sty"
Package: amstext 2000/06/29 v2.01 AMS text

("C:\Program Files\MiKTeX 2.9_1\tex\latex\amsmath\amsgen.sty"
File: amsgen.sty 1999/11/30 v2.0 generic functions
\@emptytoks=\toks20
\ex@=\dimen106
))
("C:\Program Files\MiKTeX 2.9_1\tex\latex\amsmath\amsbsy.sty"
Package: amsbsy 1999/11/29 v1.2d Bold Symbols
\pmbraise@=\dimen107
)
("C:\Program Files\MiKTeX 2.9_1\tex\latex\amsmath\amsopn.sty"
Package: amsopn 2016/03/08 v2.02 operator names
)
\inf@bad=\count90
LaTeX Info: Redefining \frac on input line 213.
\uproot@=\count91
\leftroot@=\count92
LaTeX Info: Redefining \overline on input line 375.
\classnum@=\count93
\DOTSCASE@=\count94
LaTeX Info: Redefining \ldots on input line 472.
LaTeX Info: Redefining \dots on input line 475.
LaTeX Info: Redefining \cdots on input line 596.
\Mathstrutbox@=\box26
\strutbox@=\box27
\big@size=\dimen108
LaTeX Font Info:    Redeclaring font encoding OML on input line 712.
LaTeX Font Info:    Redeclaring font encoding OMS on input line 713.
\macc@depth=\count95
\c@MaxMatrixCols=\count96
\dotsspace@=\muskip10
\c@parentequation=\count97
\dspbrk@lvl=\count98
\tag@help=\toks21
\row@=\count99
\column@=\count100
\maxfields@=\count101
\andhelp@=\toks22
\eqnshift@=\dimen109
\alignsep@=\dimen110
\tagshift@=\dimen111
\tagwidth@=\dimen112
\totwidth@=\dimen113
\lineht@=\dimen114
\@envbody=\toks23
\multlinegap=\skip46
\multlinetaggap=\skip47
\mathdisplay@stack=\toks24
LaTeX Info: Redefining \[ on input line 2817.
LaTeX Info: Redefining \] on input line 2818.
) (amssymb.sty
Package: amssymb 1996/11/03 v2.2b

("C:\Program Files\MiKTeX 2.9_1\tex\latex\amsfonts\amsfonts.sty"
Package: amsfonts 2013/01/14 v3.01 Basic AMSFonts support
\symAMSa=\mathgroup5
\symAMSb=\mathgroup6
LaTeX Font Info:    Overwriting math alphabet `\mathfrak' in version `bold'
(Font)                  U/euf/m/n --> U/euf/b/n on input line 106.
))
("C:\Program Files\MiKTeX 2.9_1\tex\latex\tools\bm.sty"
Package: bm 2017/01/16 v1.2c Bold Symbol Support (DPC/FMi)
\symboldoperators=\mathgroup7
\symboldletters=\mathgroup8
\symboldsymbols=\mathgroup9
\symboldupright=\mathgroup10
LaTeX Font Info:    Redeclaring math alphabet \mathbf on input line 141.
LaTeX Info: Redefining \bm on input line 207.
) (bibnames.sty
This is bibnames.sty, Version 1.04 <13 June 1992>
("C:\Program Files\MiKTeX 2.9_1\tex\generic\beebe\texnames.sty"
This is texnames.sty, Version 1.09 <16 March 1993>
)) (citesort.sty
\@minsofar=\count102
\@min=\count103
\@cite@temp=\count104
)
("C:\Program Files\MiKTeX 2.9_1\tex\latex\graphics\graphicx.sty"
Package: graphicx 2014/10/28 v1.0g Enhanced LaTeX Graphics (DPC,SPQR)

("C:\Program Files\MiKTeX 2.9_1\tex\latex\graphics\keyval.sty"
Package: keyval 2014/10/28 v1.15 key=value parser (DPC)
\KV@toks@=\toks25
)
("C:\Program Files\MiKTeX 2.9_1\tex\latex\graphics\graphics.sty"
Package: graphics 2017/04/14 v1.1b Standard LaTeX Graphics (DPC,SPQR)

("C:\Program Files\MiKTeX 2.9_1\tex\latex\graphics\trig.sty"
Package: trig 2016/01/03 v1.10 sin cos tan (DPC)
)
("C:\Program Files\MiKTeX 2.9_1\tex\latex\graphics-cfg\graphics.cfg"
File: graphics.cfg 2016/06/04 v1.11 sample graphics configuration
)
Package graphics Info: Driver file: pdftex.def on input line 99.

("C:\Program Files\MiKTeX 2.9_1\tex\latex\graphics-def\pdftex.def"
File: pdftex.def 2017/01/12 v0.06k Graphics/color for pdfTeX

("C:\Program Files\MiKTeX 2.9_1\tex\generic\oberdiek\infwarerr.sty"
Package: infwarerr 2016/05/16 v1.4 Providing info/warning/error messages (HO)
)
("C:\Program Files\MiKTeX 2.9_1\tex\generic\oberdiek\ltxcmds.sty"
Package: ltxcmds 2016/05/16 v1.23 LaTeX kernel commands for general use (HO)
)
\Gread@gobject=\count105
))
\Gin@req@height=\dimen115
\Gin@req@width=\dimen116
)
("C:\Program Files\MiKTeX 2.9_1\tex\latex\base\graphpap.sty"
Package: graphpap 1994/08/09 v1.0c Standard LaTeX graphpap package (LL)
)
("C:\Program Files\MiKTeX 2.9_1\tex\latex\tools\longtable.sty"
Package: longtable 2014/10/28 v4.11 Multi-page Table package (DPC)
\LTleft=\skip48
\LTright=\skip49
\LTpre=\skip50
\LTpost=\skip51
\LTchunksize=\count106
\LTcapwidth=\dimen117
\LT@head=\box28
\LT@firsthead=\box29
\LT@foot=\box30
\LT@lastfoot=\box31
\LT@cols=\count107
\LT@rows=\count108
\c@LT@tables=\count109
\c@LT@chunks=\count110
\LT@p@ftn=\toks26
)
("C:\Program Files\MiKTeX 2.9_1\tex\latex\multirow\multirow.sty"
Package: multirow 2016/11/25 v2.2 Span multiple rows of a table
\multirow@colwidth=\skip52
\multirow@cntb=\count111
\multirow@dima=\skip53
\bigstrutjot=\dimen118
)
("C:\Program Files\MiKTeX 2.9_1\tex\latex\pgf\frontendlayer\tikz.sty"
("C:\Program Files\MiKTeX 2.9_1\tex\latex\pgf\basiclayer\pgf.sty"
("C:\Program Files\MiKTeX 2.9_1\tex\latex\pgf\utilities\pgfrcs.sty"
("C:\Program Files\MiKTeX 2.9_1\tex\generic\pgf\utilities\pgfutil-common.tex"
\pgfutil@everybye=\toks27
\pgfutil@tempdima=\dimen119
\pgfutil@tempdimb=\dimen120

("C:\Program Files\MiKTeX 2.9_1\tex\generic\pgf\utilities\pgfutil-common-lists.
tex"))
("C:\Program Files\MiKTeX 2.9_1\tex\generic\pgf\utilities\pgfutil-latex.def"
\pgfutil@abb=\box32

("C:\Program Files\MiKTeX 2.9_1\tex\latex\ms\everyshi.sty"
Package: everyshi 2001/05/15 v3.00 EveryShipout Package (MS)
))
("C:\Program Files\MiKTeX 2.9_1\tex\generic\pgf\utilities\pgfrcs.code.tex"
Package: pgfrcs 2015/08/07 v3.0.1a (rcs-revision 1.31)
))
Package: pgf 2015/08/07 v3.0.1a (rcs-revision 1.15)

("C:\Program Files\MiKTeX 2.9_1\tex\latex\pgf\basiclayer\pgfcore.sty"
("C:\Program Files\MiKTeX 2.9_1\tex\latex\pgf\systemlayer\pgfsys.sty"
("C:\Program Files\MiKTeX 2.9_1\tex\generic\pgf\systemlayer\pgfsys.code.tex"
Package: pgfsys 2014/07/09 v3.0.1a (rcs-revision 1.48)

("C:\Program Files\MiKTeX 2.9_1\tex\generic\pgf\utilities\pgfkeys.code.tex"
\pgfkeys@pathtoks=\toks28
\pgfkeys@temptoks=\toks29

("C:\Program Files\MiKTeX 2.9_1\tex\generic\pgf\utilities\pgfkeysfiltered.code.
tex"
\pgfkeys@tmptoks=\toks30
))
\pgf@x=\dimen121
\pgf@y=\dimen122
\pgf@xa=\dimen123
\pgf@ya=\dimen124
\pgf@xb=\dimen125
\pgf@yb=\dimen126
\pgf@xc=\dimen127
\pgf@yc=\dimen128
\w@pgf@writea=\write3
\r@pgf@reada=\read1
\c@pgf@counta=\count112
\c@pgf@countb=\count113
\c@pgf@countc=\count114
\c@pgf@countd=\count115
\t@pgf@toka=\toks31
\t@pgf@tokb=\toks32
\t@pgf@tokc=\toks33
 ("C:\Program Files\MiKTeX 2.9_1\tex\generic\pgf\systemlayer\pgf.cfg"
File: pgf.cfg 2008/05/14  (rcs-revision 1.7)
)
Driver file for pgf: pgfsys-pdftex.def

("C:\Program Files\MiKTeX 2.9_1\tex\generic\pgf\systemlayer\pgfsys-pdftex.def"
File: pgfsys-pdftex.def 2014/10/11  (rcs-revision 1.35)

("C:\Program Files\MiKTeX 2.9_1\tex\generic\pgf\systemlayer\pgfsys-common-pdf.d
ef"
File: pgfsys-common-pdf.def 2013/10/10  (rcs-revision 1.13)
)))
("C:\Program Files\MiKTeX 2.9_1\tex\generic\pgf\systemlayer\pgfsyssoftpath.code
.tex"
File: pgfsyssoftpath.code.tex 2013/09/09  (rcs-revision 1.9)
\pgfsyssoftpath@smallbuffer@items=\count116
\pgfsyssoftpath@bigbuffer@items=\count117
)
("C:\Program Files\MiKTeX 2.9_1\tex\generic\pgf\systemlayer\pgfsysprotocol.code
.tex"
File: pgfsysprotocol.code.tex 2006/10/16  (rcs-revision 1.4)
)) ("C:\Program Files\MiKTeX 2.9_1\tex\latex\xcolor\xcolor.sty"
Package: xcolor 2016/05/11 v2.12 LaTeX color extensions (UK)

("C:\Program Files\MiKTeX 2.9_1\tex\latex\graphics-cfg\color.cfg"
File: color.cfg 2016/01/02 v1.6 sample color configuration
)
Package xcolor Info: Driver file: pdftex.def on input line 225.
Package xcolor Info: Model `cmy' substituted by `cmy0' on input line 1348.
Package xcolor Info: Model `hsb' substituted by `rgb' on input line 1352.
Package xcolor Info: Model `RGB' extended on input line 1364.
Package xcolor Info: Model `HTML' substituted by `rgb' on input line 1366.
Package xcolor Info: Model `Hsb' substituted by `hsb' on input line 1367.
Package xcolor Info: Model `tHsb' substituted by `hsb' on input line 1368.
Package xcolor Info: Model `HSB' substituted by `hsb' on input line 1369.
Package xcolor Info: Model `Gray' substituted by `gray' on input line 1370.
Package xcolor Info: Model `wave' substituted by `hsb' on input line 1371.
)
("C:\Program Files\MiKTeX 2.9_1\tex\generic\pgf\basiclayer\pgfcore.code.tex"
Package: pgfcore 2010/04/11 v3.0.1a (rcs-revision 1.7)

("C:\Program Files\MiKTeX 2.9_1\tex\generic\pgf\math\pgfmath.code.tex"
("C:\Program Files\MiKTeX 2.9_1\tex\generic\pgf\math\pgfmathcalc.code.tex"
("C:\Program Files\MiKTeX 2.9_1\tex\generic\pgf\math\pgfmathutil.code.tex")
("C:\Program Files\MiKTeX 2.9_1\tex\generic\pgf\math\pgfmathparser.code.tex"
\pgfmath@dimen=\dimen129
\pgfmath@count=\count118
\pgfmath@box=\box33
\pgfmath@toks=\toks34
\pgfmath@stack@operand=\toks35
\pgfmath@stack@operation=\toks36
)
("C:\Program Files\MiKTeX 2.9_1\tex\generic\pgf\math\pgfmathfunctions.code.tex"

("C:\Program Files\MiKTeX 2.9_1\tex\generic\pgf\math\pgfmathfunctions.basic.cod
e.tex")
("C:\Program Files\MiKTeX 2.9_1\tex\generic\pgf\math\pgfmathfunctions.trigonome
tric.code.tex")
("C:\Program Files\MiKTeX 2.9_1\tex\generic\pgf\math\pgfmathfunctions.random.co
de.tex")
("C:\Program Files\MiKTeX 2.9_1\tex\generic\pgf\math\pgfmathfunctions.compariso
n.code.tex")
("C:\Program Files\MiKTeX 2.9_1\tex\generic\pgf\math\pgfmathfunctions.base.code
.tex")
("C:\Program Files\MiKTeX 2.9_1\tex\generic\pgf\math\pgfmathfunctions.round.cod
e.tex")
("C:\Program Files\MiKTeX 2.9_1\tex\generic\pgf\math\pgfmathfunctions.misc.code
.tex")
("C:\Program Files\MiKTeX 2.9_1\tex\generic\pgf\math\pgfmathfunctions.integerar
ithmetics.code.tex")))
("C:\Program Files\MiKTeX 2.9_1\tex\generic\pgf\math\pgfmathfloat.code.tex"
\c@pgfmathroundto@lastzeros=\count119
))
("C:\Program Files\MiKTeX 2.9_1\tex\generic\pgf\basiclayer\pgfcorepoints.code.t
ex"
File: pgfcorepoints.code.tex 2013/10/07  (rcs-revision 1.27)
\pgf@picminx=\dimen130
\pgf@picmaxx=\dimen131
\pgf@picminy=\dimen132
\pgf@picmaxy=\dimen133
\pgf@pathminx=\dimen134
\pgf@pathmaxx=\dimen135
\pgf@pathminy=\dimen136
\pgf@pathmaxy=\dimen137
\pgf@xx=\dimen138
\pgf@xy=\dimen139
\pgf@yx=\dimen140
\pgf@yy=\dimen141
\pgf@zx=\dimen142
\pgf@zy=\dimen143
)
("C:\Program Files\MiKTeX 2.9_1\tex\generic\pgf\basiclayer\pgfcorepathconstruct
.code.tex"
File: pgfcorepathconstruct.code.tex 2013/10/07  (rcs-revision 1.29)
\pgf@path@lastx=\dimen144
\pgf@path@lasty=\dimen145
)
("C:\Program Files\MiKTeX 2.9_1\tex\generic\pgf\basiclayer\pgfcorepathusage.cod
e.tex"
File: pgfcorepathusage.code.tex 2014/11/02  (rcs-revision 1.24)
\pgf@shorten@end@additional=\dimen146
\pgf@shorten@start@additional=\dimen147
)
("C:\Program Files\MiKTeX 2.9_1\tex\generic\pgf\basiclayer\pgfcorescopes.code.t
ex"
File: pgfcorescopes.code.tex 2015/05/08  (rcs-revision 1.46)
\pgfpic=\box34
\pgf@hbox=\box35
\pgf@layerbox@main=\box36
\pgf@picture@serial@count=\count120
)
("C:\Program Files\MiKTeX 2.9_1\tex\generic\pgf\basiclayer\pgfcoregraphicstate.
code.tex"
File: pgfcoregraphicstate.code.tex 2014/11/02  (rcs-revision 1.12)
\pgflinewidth=\dimen148
)
("C:\Program Files\MiKTeX 2.9_1\tex\generic\pgf\basiclayer\pgfcoretransformatio
ns.code.tex"
File: pgfcoretransformations.code.tex 2015/08/07  (rcs-revision 1.20)
\pgf@pt@x=\dimen149
\pgf@pt@y=\dimen150
\pgf@pt@temp=\dimen151
)
("C:\Program Files\MiKTeX 2.9_1\tex\generic\pgf\basiclayer\pgfcorequick.code.te
x"
File: pgfcorequick.code.tex 2008/10/09  (rcs-revision 1.3)
)
("C:\Program Files\MiKTeX 2.9_1\tex\generic\pgf\basiclayer\pgfcoreobjects.code.
tex"
File: pgfcoreobjects.code.tex 2006/10/11  (rcs-revision 1.2)
)
("C:\Program Files\MiKTeX 2.9_1\tex\generic\pgf\basiclayer\pgfcorepathprocessin
g.code.tex"
File: pgfcorepathprocessing.code.tex 2013/09/09  (rcs-revision 1.9)
)
("C:\Program Files\MiKTeX 2.9_1\tex\generic\pgf\basiclayer\pgfcorearrows.code.t
ex"
File: pgfcorearrows.code.tex 2015/05/14  (rcs-revision 1.43)
\pgfarrowsep=\dimen152
)
("C:\Program Files\MiKTeX 2.9_1\tex\generic\pgf\basiclayer\pgfcoreshade.code.te
x"
File: pgfcoreshade.code.tex 2013/07/15  (rcs-revision 1.15)
\pgf@max=\dimen153
\pgf@sys@shading@range@num=\count121
)
("C:\Program Files\MiKTeX 2.9_1\tex\generic\pgf\basiclayer\pgfcoreimage.code.te
x"
File: pgfcoreimage.code.tex 2013/07/15  (rcs-revision 1.18)

("C:\Program Files\MiKTeX 2.9_1\tex\generic\pgf\basiclayer\pgfcoreexternal.code
.tex"
File: pgfcoreexternal.code.tex 2014/07/09  (rcs-revision 1.21)
\pgfexternal@startupbox=\box37
))
("C:\Program Files\MiKTeX 2.9_1\tex\generic\pgf\basiclayer\pgfcorelayers.code.t
ex"
File: pgfcorelayers.code.tex 2013/07/18  (rcs-revision 1.7)
)
("C:\Program Files\MiKTeX 2.9_1\tex\generic\pgf\basiclayer\pgfcoretransparency.
code.tex"
File: pgfcoretransparency.code.tex 2013/09/30  (rcs-revision 1.5)
)
("C:\Program Files\MiKTeX 2.9_1\tex\generic\pgf\basiclayer\pgfcorepatterns.code
.tex"
File: pgfcorepatterns.code.tex 2013/11/07  (rcs-revision 1.5)
)))
("C:\Program Files\MiKTeX 2.9_1\tex\generic\pgf\modules\pgfmoduleshapes.code.te
x"
File: pgfmoduleshapes.code.tex 2014/03/21  (rcs-revision 1.35)
\pgfnodeparttextbox=\box38
)
("C:\Program Files\MiKTeX 2.9_1\tex\generic\pgf\modules\pgfmoduleplot.code.tex"
File: pgfmoduleplot.code.tex 2015/08/03  (rcs-revision 1.13)
)
("C:\Program Files\MiKTeX 2.9_1\tex\latex\pgf\compatibility\pgfcomp-version-0-6
5.sty"
Package: pgfcomp-version-0-65 2007/07/03 v3.0.1a (rcs-revision 1.7)
\pgf@nodesepstart=\dimen154
\pgf@nodesepend=\dimen155
)
("C:\Program Files\MiKTeX 2.9_1\tex\latex\pgf\compatibility\pgfcomp-version-1-1
8.sty"
Package: pgfcomp-version-1-18 2007/07/23 v3.0.1a (rcs-revision 1.1)
)) ("C:\Program Files\MiKTeX 2.9_1\tex\latex\pgf\utilities\pgffor.sty"
("C:\Program Files\MiKTeX 2.9_1\tex\latex\pgf\utilities\pgfkeys.sty"
("C:\Program Files\MiKTeX 2.9_1\tex\generic\pgf\utilities\pgfkeys.code.tex"))
("C:\Program Files\MiKTeX 2.9_1\tex\latex\pgf\math\pgfmath.sty"
("C:\Program Files\MiKTeX 2.9_1\tex\generic\pgf\math\pgfmath.code.tex"))
("C:\Program Files\MiKTeX 2.9_1\tex\generic\pgf\utilities\pgffor.code.tex"
Package: pgffor 2013/12/13 v3.0.1a (rcs-revision 1.25)

("C:\Program Files\MiKTeX 2.9_1\tex\generic\pgf\math\pgfmath.code.tex")
\pgffor@iter=\dimen156
\pgffor@skip=\dimen157
\pgffor@stack=\toks37
\pgffor@toks=\toks38
))
("C:\Program Files\MiKTeX 2.9_1\tex\generic\pgf\frontendlayer\tikz\tikz.code.te
x"
Package: tikz 2015/08/07 v3.0.1a (rcs-revision 1.151)

("C:\Program Files\MiKTeX 2.9_1\tex\generic\pgf\libraries\pgflibraryplothandler
s.code.tex"
File: pgflibraryplothandlers.code.tex 2013/08/31 v3.0.1a (rcs-revision 1.20)
\pgf@plot@mark@count=\count122
\pgfplotmarksize=\dimen158
)
\tikz@lastx=\dimen159
\tikz@lasty=\dimen160
\tikz@lastxsaved=\dimen161
\tikz@lastysaved=\dimen162
\tikzleveldistance=\dimen163
\tikzsiblingdistance=\dimen164
\tikz@figbox=\box39
\tikz@figbox@bg=\box40
\tikz@tempbox=\box41
\tikz@tempbox@bg=\box42
\tikztreelevel=\count123
\tikznumberofchildren=\count124
\tikznumberofcurrentchild=\count125
\tikz@fig@count=\count126

("C:\Program Files\MiKTeX 2.9_1\tex\generic\pgf\modules\pgfmodulematrix.code.te
x"
File: pgfmodulematrix.code.tex 2013/09/17  (rcs-revision 1.8)
\pgfmatrixcurrentrow=\count127
\pgfmatrixcurrentcolumn=\count128
\pgf@matrix@numberofcolumns=\count129
)
\tikz@expandcount=\count130

("C:\Program Files\MiKTeX 2.9_1\tex\generic\pgf\frontendlayer\tikz\libraries\ti
kzlibrarytopaths.code.tex"
File: tikzlibrarytopaths.code.tex 2008/06/17 v3.0.1a (rcs-revision 1.2)
)))
("C:\Program Files\MiKTeX 2.9_1\tex\generic\pgf\frontendlayer\tikz\libraries\ti
kzlibrarydecorations.markings.code.tex"
("C:\Program Files\MiKTeX 2.9_1\tex\generic\pgf\frontendlayer\tikz\libraries\ti
kzlibrarydecorations.code.tex"
("C:\Program Files\MiKTeX 2.9_1\tex\generic\pgf\modules\pgfmoduledecorations.co
de.tex"
\pgfdecoratedcompleteddistance=\dimen165
\pgfdecoratedremainingdistance=\dimen166
\pgfdecoratedinputsegmentcompleteddistance=\dimen167
\pgfdecoratedinputsegmentremainingdistance=\dimen168
\pgf@decorate@distancetomove=\dimen169
\pgf@decorate@repeatstate=\count131
\pgfdecorationsegmentamplitude=\dimen170
\pgfdecorationsegmentlength=\dimen171
)
\tikz@lib@dec@box=\box43
)
("C:\Program Files\MiKTeX 2.9_1\tex\generic\pgf\libraries\decorations\pgflibrar
ydecorations.markings.code.tex"))
("C:\Program Files\MiKTeX 2.9_1\tex\latex\tools\varioref.sty"
Package: varioref 2016/02/16 v1.5c package for extended references (FMi)
\c@vrcnt=\count132
)
(uuthesis-2016-h.sty
Package: uuthesis-2016-h 2016/05/02 v1.08

===============================================================================


This is uuthesis-2016-h.sty version 1.08 <2 May 2016>

===============================================================================

(dissertationapproval.sty)
\uuthesis@chaptersectionspace=\dimen172
) (mythesis.sty) (sample-thesis-0.aux (chap1.aux)
(chap2.aux) (chap3.aux) (chap4.aux) (chap5.aux) (chap6.aux

LaTeX Warning: Label `fig:constant' multiply defined.

) (chap7.aux))
\openout1 = `sample-thesis-0.aux'.

LaTeX Font Info:    Checking defaults for OML/cmm/m/it on input line 197.
LaTeX Font Info:    ... okay on input line 197.
LaTeX Font Info:    Checking defaults for T1/cmr/m/n on input line 197.
LaTeX Font Info:    ... okay on input line 197.
LaTeX Font Info:    Checking defaults for OT1/cmr/m/n on input line 197.
LaTeX Font Info:    ... okay on input line 197.
LaTeX Font Info:    Checking defaults for OMS/cmsy/m/n on input line 197.
LaTeX Font Info:    ... okay on input line 197.
LaTeX Font Info:    Checking defaults for OMX/cmex/m/n on input line 197.
LaTeX Font Info:    ... okay on input line 197.
LaTeX Font Info:    Checking defaults for U/cmr/m/n on input line 197.
LaTeX Font Info:    ... okay on input line 197.
LaTeX Font Info:    Try loading font information for OT1+ppl on input line 197.

 ("C:\Program Files\MiKTeX 2.9_1\tex\latex\psnfss\ot1ppl.fd"
File: ot1ppl.fd 2001/06/04 font definitions for OT1/ppl.
)
("C:\Program Files\MiKTeX 2.9_1\tex\context\base\supp-pdf.mkii"
[Loading MPS to PDF converter (version 2006.09.02).]
\scratchcounter=\count133
\scratchdimen=\dimen173
\scratchbox=\box44
\nofMPsegments=\count134
\nofMParguments=\count135
\everyMPshowfont=\toks39
\MPscratchCnt=\count136
\MPscratchDim=\dimen174
\MPnumerator=\count137
\makeMPintoPDFobject=\count138
\everyMPtoPDFconversion=\toks40
) ("C:\Program Files\MiKTeX 2.9_1\tex\generic\oberdiek\pdftexcmds.sty"
Package: pdftexcmds 2017/03/19 v0.25 Utility functions of pdfTeX for LuaTeX (HO
)

("C:\Program Files\MiKTeX 2.9_1\tex\generic\oberdiek\ifluatex.sty"
Package: ifluatex 2016/05/16 v1.4 Provides the ifluatex switch (HO)
Package ifluatex Info: LuaTeX not detected.
)
("C:\Program Files\MiKTeX 2.9_1\tex\generic\oberdiek\ifpdf.sty"
Package: ifpdf 2017/03/15 v3.2 Provides the ifpdf switch
)
Package pdftexcmds Info: LuaTeX not detected.
Package pdftexcmds Info: \pdf@primitive is available.
Package pdftexcmds Info: \pdf@ifprimitive is available.
Package pdftexcmds Info: \pdfdraftmode found.
)
("C:\Program Files\MiKTeX 2.9_1\tex\latex\oberdiek\epstopdf-base.sty"
Package: epstopdf-base 2016/05/15 v2.6 Base part for package epstopdf

("C:\Program Files\MiKTeX 2.9_1\tex\latex\oberdiek\grfext.sty"
Package: grfext 2016/05/16 v1.2 Manage graphics extensions (HO)

("C:\Program Files\MiKTeX 2.9_1\tex\generic\oberdiek\kvdefinekeys.sty"
Package: kvdefinekeys 2016/05/16 v1.4 Define keys (HO)
))
("C:\Program Files\MiKTeX 2.9_1\tex\latex\oberdiek\kvoptions.sty"
Package: kvoptions 2016/05/16 v3.12 Key value format for package options (HO)

("C:\Program Files\MiKTeX 2.9_1\tex\generic\oberdiek\kvsetkeys.sty"
Package: kvsetkeys 2016/05/16 v1.17 Key value parser (HO)

("C:\Program Files\MiKTeX 2.9_1\tex\generic\oberdiek\etexcmds.sty"
Package: etexcmds 2016/05/16 v1.6 Avoid name clashes with e-TeX commands (HO)
Package etexcmds Info: Could not find \expanded.
(etexcmds)             That can mean that you are not using pdfTeX 1.50 or
(etexcmds)             that some package has redefined \expanded.
(etexcmds)             In the latter case, load this package earlier.
)))
Package epstopdf-base Info: Redefining graphics rule for `.eps' on input line 4
38.
Package grfext Info: Graphics extension search list:
(grfext)             [.png,.pdf,.jpg,.mps,.jpeg,.jbig2,.jb2,.PNG,.PDF,.JPG,.JPE
G,.JBIG2,.JB2,.eps]
(grfext)             \AppendGraphicsExtensions on input line 456.
)
ABD: EveryShipout initializing macros
LaTeX Font Info:    Font shape `OT1/ppl/bx/n' in size <14.4> not available
(Font)              Font shape `OT1/ppl/b/n' tried instead on input line 201.
LaTeX Font Info:    Try loading font information for OML+zplm on input line 201
.

("C:\Program Files\MiKTeX 2.9_1\tex\latex\psnfss\omlzplm.fd"
File: omlzplm.fd 2002/09/08 Fontinst v1.914 font definitions for OML/zplm.
)
LaTeX Font Info:    Try loading font information for OMS+zplm on input line 201
.

("C:\Program Files\MiKTeX 2.9_1\tex\latex\psnfss\omszplm.fd"
File: omszplm.fd 2002/09/08 Fontinst v1.914 font definitions for OMS/zplm.
)
LaTeX Font Info:    Try loading font information for OMX+zplm on input line 201
.

("C:\Program Files\MiKTeX 2.9_1\tex\latex\psnfss\omxzplm.fd"
File: omxzplm.fd 2002/09/08 Fontinst v1.914 font definitions for OMX/zplm.
)
LaTeX Font Info:    Try loading font information for OT1+zplm on input line 201
.

("C:\Program Files\MiKTeX 2.9_1\tex\latex\psnfss\ot1zplm.fd"
File: ot1zplm.fd 2002/09/08 Fontinst v1.914 font definitions for OT1/zplm.
)
LaTeX Font Info:    Font shape `U/msa/m/n' will be
(Font)              scaled to size 11.40997pt on input line 201.
LaTeX Font Info:    Font shape `U/msa/m/n' will be
(Font)              scaled to size 8.33606pt on input line 201.
LaTeX Font Info:    Font shape `U/msa/m/n' will be
(Font)              scaled to size 6.25204pt on input line 201.
LaTeX Font Info:    Font shape `U/msb/m/n' will be
(Font)              scaled to size 11.40997pt on input line 201.
LaTeX Font Info:    Font shape `U/msb/m/n' will be
(Font)              scaled to size 8.33606pt on input line 201.
LaTeX Font Info:    Font shape `U/msb/m/n' will be
(Font)              scaled to size 6.25204pt on input line 201.

Title.
[-1

{C:/ProgramData/MiKTeX/2.9/pdftex/config/pdftex.map}]
LaTeX Font Info:    Try loading font information for OMS+ppl on input line 202.


("C:\Program Files\MiKTeX 2.9_1\tex\latex\psnfss\omsppl.fd"
File: omsppl.fd 
)
LaTeX Font Info:    Font shape `OMS/ppl/m/n' in size <10.95> not available
(Font)              Font shape `OMS/cmsy/m/n' tried instead on input line 202.

Copyright.
[-1]
LaTeX Font Info:    Font shape `OT1/ppl/bx/n' in size <10.95> not available
(Font)              Font shape `OT1/ppl/b/n' tried instead on input line 203.
LaTeX Font Info:    Font shape `OT1/ppl/bx/n' in size <12> not available
(Font)              Font shape `OT1/ppl/b/n' tried instead on input line 203.
 [2] (abstract.tex)
Abstract.
[3] (sample-thesis-0.toc [4])
\tf@toc=\write4
\openout4 = `sample-thesis-0.toc'.


Contents.
[5]
List of Figures.
(sample-thesis-0.lof)
\tf@lof=\write5
\openout5 = `sample-thesis-0.lof'.

 [6]
List of Tables.
(sample-thesis-0.lot)
\tf@lot=\write6
\openout6 = `sample-thesis-0.lot'.

 [7]
\openout2 = `chap1.aux'.

 (chap1.tex
DEBUG: @chapter: arg 1 = [Introduction]
DEBUG: @chapter: arg 2 = [{\hyphenpenalty =10000\exhyphenpenalty =10000\relax I
ntroduction}]
CHAPTER 1.
LaTeX Font Info:    Font shape `U/msa/m/n' will be
(Font)              scaled to size 9.37807pt on input line 5.
LaTeX Font Info:    Font shape `U/msa/m/n' will be
(Font)              scaled to size 7.29405pt on input line 5.
LaTeX Font Info:    Font shape `U/msa/m/n' will be
(Font)              scaled to size 5.21004pt on input line 5.
LaTeX Font Info:    Font shape `U/msb/m/n' will be
(Font)              scaled to size 9.37807pt on input line 5.
LaTeX Font Info:    Font shape `U/msb/m/n' will be
(Font)              scaled to size 7.29405pt on input line 5.
LaTeX Font Info:    Font shape `U/msb/m/n' will be
(Font)              scaled to size 5.21004pt on input line 5.
[1


]

pdfTeX warning: pdflatex.exe (file ./intro.pdf): PDF inclusion: found PDF versi
on <1.7>, but at most version <1.5> allowed
<intro.pdf, id=36, 963.6pt x 542.025pt>
File: intro.pdf Graphic file (type pdf)
 <use intro.pdf>
Package pdftex.def Info: intro.pdf used on input line 14.
(pdftex.def)             Requested size: 481.79883pt x 271.01183pt.

Overfull \vbox (7.47873pt too high) has occurred while \output is active []


[2 <./intro.pdf>]
Overfull \vbox (7.47873pt too high) has occurred while \output is active []


[3]
LaTeX Font Info:    Font shape `U/msa/m/n' will be
(Font)              scaled to size 15.0049pt on input line 39.
LaTeX Font Info:    Font shape `U/msa/m/n' will be
(Font)              scaled to size 10.42007pt on input line 39.
LaTeX Font Info:    Font shape `U/msb/m/n' will be
(Font)              scaled to size 15.0049pt on input line 39.
LaTeX Font Info:    Font shape `U/msb/m/n' will be
(Font)              scaled to size 10.42007pt on input line 39.
)
Overfull \vbox (7.643pt too high) has occurred while \output is active []

 [4]
\openout2 = `chap2.aux'.


(chap2.tex
DEBUG: @chapter: arg 1 = [BACKGROUND]
DEBUG: @chapter: arg 2 = [{\hyphenpenalty =10000\exhyphenpenalty =10000\relax B
ACKGROUND}]
CHAPTER 2.
[5



]
Overfull \vbox (7.47873pt too high) has occurred while \output is active []


[6]
Underfull \vbox (badness 10000) has occurred while \output is active []


Overfull \vbox (7.47873pt too high) has occurred while \output is active []


[7])
Overfull \vbox (7.47873pt too high) has occurred while \output is active []


[8]
\openout2 = `chap3.aux'.

 (chap3.tex
DEBUG: @chapter: arg 1 = [Related Work]
DEBUG: @chapter: arg 2 = [{\hyphenpenalty =10000\exhyphenpenalty =10000\relax R
elated Work}]
CHAPTER 3.
Title Error: (169.22556pt too wide)
Page 9, Title="Data Mining and machine learning techniques for intrusion detect
ion"


Underfull \vbox (badness 10000) has occurred while \output is active []

 [9



]
Underfull \vbox (badness 10000) has occurred while \output is active []


Overfull \vbox (7.643pt too high) has occurred while \output is active []

 [10]
Underfull \vbox (badness 10000) has occurred while \output is active []


Overfull \vbox (7.643pt too high) has occurred while \output is active []

 [11]
Overfull \hbox (3.5748pt too wide) in paragraph at lines 41--42
[]\OT1/ppl/m/n/10.95 Traditionally net-work data in-spec-tion is done by in-spe
ct-ing the con-tents of ev-ery packet.
 []

)
Overfull \vbox (7.643pt too high) has occurred while \output is active []

 [12]
\openout2 = `chap4.aux'.


(chap4.tex
DEBUG: @chapter: arg 1 = [Design Overview]
DEBUG: @chapter: arg 2 = [{\hyphenpenalty =10000\exhyphenpenalty =10000\relax D
esign Overview}]
CHAPTER 4.


pdfTeX warning: pdflatex.exe (file ./architecture.pdf): PDF inclusion: found PD
F version <1.7>, but at most version <1.5> allowed
<architecture.pdf, id=86, 794.97pt x 614.295pt>
File: architecture.pdf Graphic file (type pdf)
 <use architecture.pdf>
Package pdftex.def Info: architecture.pdf used on input line 13.
(pdftex.def)             Requested size: 340.4114pt x 232.00557pt.
LaTeX Font Info:    Font shape `U/msa/m/n' will be
(Font)              scaled to size 12.50409pt on input line 18.
LaTeX Font Info:    Font shape `U/msb/m/n' will be
(Font)              scaled to size 12.50409pt on input line 18.

Underfull \vbox (badness 10000) has occurred while \output is active []

 [13



]

pdfTeX warning: pdflatex.exe (file ./netflow.pdf): PDF inclusion: found PDF ver
sion <1.7>, but at most version <1.5> allowed
<netflow.pdf, id=90, 963.6pt x 542.025pt>
File: netflow.pdf Graphic file (type pdf)
 <use netflow.pdf>
Package pdftex.def Info: netflow.pdf used on input line 29.
(pdftex.def)             Requested size: 467.3854pt x 235.51842pt.


pdfTeX warning: pdflatex.exe (file ./raw_data.pdf): PDF inclusion: found PDF ve
rsion <1.7>, but at most version <1.5> allowed
<raw_data.pdf, id=91, 963.6pt x 542.025pt>
File: raw_data.pdf Graphic file (type pdf)
 <use raw_data.pdf>
Package pdftex.def Info: raw_data.pdf used on input line 42.
(pdftex.def)             Requested size: 481.79883pt x 271.01183pt.

Overfull \vbox (7.643pt too high) has occurred while \output is active []

 [14 <./architecture.pdf>]
Overfull \vbox (7.643pt too high) has occurred while \output is active []

 [15 <./netflow.pdf>] <missing_data.png, id=104, 564.1075pt x 372.89313pt>
File: missing_data.png Graphic file (type png)

<use missing_data.png>
Package pdftex.def Info: missing_data.png used on input line 58.
(pdftex.def)             Requested size: 338.4671pt x 223.7376pt.

Underfull \vbox (badness 10000) has occurred while \output is active []


Overfull \vbox (7.643pt too high) has occurred while \output is active []

 [16 <./raw_data.pdf>] <categorical.png, id=113, 565.11125pt x 368.37625pt>
File: categorical.png Graphic file (type png)

<use categorical.png>
Package pdftex.def Info: categorical.png used on input line 71.
(pdftex.def)             Requested size: 339.06937pt x 221.02744pt.

Underfull \vbox (badness 7168) has occurred while \output is active []


Overfull \vbox (7.643pt too high) has occurred while \output is active []

 [17 <./missing_data.png>] <aggregated.png, id=119, 719.68875pt x 199.74625pt>
File: aggregated.png Graphic file (type png)

<use aggregated.png>
Package pdftex.def Info: aggregated.png used on input line 80.
(pdftex.def)             Requested size: 431.81659pt x 119.84866pt.

Underfull \vbox (badness 10000) has occurred while \output is active []


Overfull \vbox (7.643pt too high) has occurred while \output is active []

 [18 <./categorical.png>] <feature.png, id=123, 351.3125pt x 250.9375pt>
File: feature.png Graphic file (type png)

<use feature.png>
Package pdftex.def Info: feature.png used on input line 93.
(pdftex.def)             Requested size: 386.44493pt x 276.03209pt.
 <transformed.png, id=124, 351.3125pt x 250.9375pt>
File: transformed.png Graphic file (type png)

<use transformed.png>
Package pdftex.def Info: transformed.png used on input line 99.
(pdftex.def)             Requested size: 351.31163pt x 250.93687pt.

Underfull \vbox (badness 10000) has occurred while \output is active []


Overfull \vbox (7.643pt too high) has occurred while \output is active []

 [19 <./aggregated.png>]

LaTeX Warning: Text page 20 contains only floats.


Underfull \vbox (badness 4792) has occurred while \output is active []


Overfull \vbox (7.47873pt too high) has occurred while \output is active []


[20 <./feature.png> <./transformed.png>]
Underfull \vbox (badness 10000) has occurred while \output is active []


Overfull \vbox (7.643pt too high) has occurred while \output is active []

 [21]
Underfull \vbox (badness 10000) has occurred while \output is active []


Overfull \vbox (7.47873pt too high) has occurred while \output is active []


[22]
Underfull \vbox (badness 1603) has occurred while \output is active []


Overfull \vbox (7.47873pt too high) has occurred while \output is active []


[23] <elbow.png, id=143, 1028.34187pt x 578.16pt>
File: elbow.png Graphic file (type png)
 <use elbow.png>
Package pdftex.def Info: elbow.png used on input line 159.
(pdftex.def)             Requested size: 411.32947pt x 231.2599pt.

Overfull \vbox (7.643pt too high) has occurred while \output is active []

 [24 <./elbow.png>]
Overfull \vbox (7.47873pt too high) has occurred while \output is active []


[25] <silhouette.png, id=150, 702.625pt x 501.875pt>
File: silhouette.png Graphic file (type png)
 <use silhouette.png>
Package pdftex.def Info: silhouette.png used on input line 186.
(pdftex.def)             Requested size: 421.57825pt x 301.12732pt.

Underfull \vbox (badness 10000) has occurred while \output is active []


Overfull \vbox (7.47873pt too high) has occurred while \output is active []


[26 <./silhouette.png>]
Overfull \vbox (7.47873pt too high) has occurred while \output is active []


[27])
Overfull \vbox (7.47873pt too high) has occurred while \output is active []


[28]
\openout2 = `chap5.aux'.

 (chap5.tex
DEBUG: @chapter: arg 1 = [Implementation]
DEBUG: @chapter: arg 2 = [{\hyphenpenalty =10000\exhyphenpenalty =10000\relax I
mplementation}]
CHAPTER 5.

Underfull \vbox (badness 10000) has occurred while \output is active []

 [29



]

pdfTeX warning: pdflatex.exe (file ./cluster_comp.pdf): PDF inclusion: found PD
F version <1.7>, but at most version <1.5> allowed
<cluster_comp.pdf, id=165, 963.6pt x 542.025pt>
File: cluster_comp.pdf Graphic file (type pdf)
 <use cluster_comp.pdf>
Package pdftex.def Info: cluster_comp.pdf used on input line 16.
(pdftex.def)             Requested size: 481.79883pt x 271.01183pt.

Underfull \vbox (badness 10000) has occurred while \output is active []


Overfull \vbox (7.47873pt too high) has occurred while \output is active []


[30 <./cluster_comp.pdf>]

pdfTeX warning: pdflatex.exe (file ./assign_prob.pdf): PDF inclusion: found PDF
 version <1.7>, but at most version <1.5> allowed
<assign_prob.pdf, id=177, 963.6pt x 542.025pt>
File: assign_prob.pdf Graphic file (type pdf)
 <use assign_prob.pdf>
Package pdftex.def Info: assign_prob.pdf used on input line 26.
(pdftex.def)             Requested size: 481.79883pt x 271.01183pt.
)
Overfull \vbox (7.643pt too high) has occurred while \output is active []

 [31 <./assign_prob.pdf>]
\openout2 = `chap6.aux'.

 (chap6.tex
DEBUG: @chapter: arg 1 = [Results]
DEBUG: @chapter: arg 2 = [{\hyphenpenalty =10000\exhyphenpenalty =10000\relax R
esults}]
CHAPTER 6.

Underfull \vbox (badness 2452) has occurred while \output is active []

 [32



]
Underfull \vbox (badness 10000) has occurred while \output is active []


Overfull \vbox (7.47873pt too high) has occurred while \output is active []


[33]

pdfTeX warning: pdflatex.exe (file ./bytes_cdf.pdf): PDF inclusion: found PDF v
ersion <1.7>, but at most version <1.5> allowed
<bytes_cdf.pdf, id=195, 963.6pt x 542.025pt>
File: bytes_cdf.pdf Graphic file (type pdf)
 <use bytes_cdf.pdf>
Package pdftex.def Info: bytes_cdf.pdf used on input line 28.
(pdftex.def)             Requested size: 594.84825pt x 299.74776pt.

Underfull \vbox (badness 10000) has occurred while \output is active []


Overfull \vbox (7.643pt too high) has occurred while \output is active []

 [34 <./bytes_cdf.pdf>]

pdfTeX warning: pdflatex.exe (file ./dec12-port-behaviors.pdf): PDF inclusion: 
found PDF version <1.7>, but at most version <1.5> allowed
<dec12-port-behaviors.pdf, id=204, 963.6pt x 542.025pt>
File: dec12-port-behaviors.pdf Graphic file (type pdf)

<use dec12-port-behaviors.pdf>
Package pdftex.def Info: dec12-port-behaviors.pdf used on input line 36.
(pdftex.def)             Requested size: 424.89346pt x 214.10648pt.

<cumulative_histogram.png, id=205, 351.3125pt x 250.9375pt>
File: cumulative_histogram.png Graphic file (type png)

<use cumulative_histogram.png>
Package pdftex.def Info: cumulative_histogram.png used on input line 50.
(pdftex.def)             Requested size: 351.31163pt x 250.93687pt.

Underfull \vbox (badness 2781) has occurred while \output is active []


Overfull \vbox (7.47873pt too high) has occurred while \output is active []


[35 <./dec12-port-behaviors.pdf>]
<c1_packets.png, id=220, 678.535pt x 252.44313pt>
File: c1_packets.png Graphic file (type png)
 <use c1_packets.png>
Package pdftex.def Info: c1_packets.png used on input line 60.
(pdftex.def)             Requested size: 407.12415pt x 151.46704pt.

Overfull \vbox (7.47873pt too high) has occurred while \output is active []


[36 <./cumulative_histogram.png> <./c1_packets.png>]
<c1_sourceports.png, id=226, 702.625pt x 501.875pt>
File: c1_sourceports.png Graphic file (type png)
 <use c1_sourceports.png>
Package pdftex.def Info: c1_sourceports.png used on input line 70.
(pdftex.def)             Requested size: 421.57825pt x 301.12732pt.

<c1_ports.png, id=227, 242.40562pt x 146.04562pt>
File: c1_ports.png Graphic file (type png)
 <use c1_ports.png>
Package pdftex.def Info: c1_ports.png used on input line 79.
(pdftex.def)             Requested size: 242.40501pt x 146.04524pt.
LaTeX Font Info:    Font shape `OT1/ppl/bx/it' in size <10.95> not available
(Font)              Font shape `OT1/ppl/b/it' tried instead on input line 91.

Underfull \vbox (badness 10000) has occurred while \output is active []


Overfull \vbox (7.47873pt too high) has occurred while \output is active []


[37 <./c1_sourceports.png>]

pdfTeX warning: pdflatex.exe (file ./validation.pdf): PDF inclusion: found PDF 
version <1.7>, but at most version <1.5> allowed
<validation.pdf, id=232, 963.6pt x 542.025pt>
File: validation.pdf Graphic file (type pdf)
 <use validation.pdf>
Package pdftex.def Info: validation.pdf used on input line 96.
(pdftex.def)             Requested size: 481.79883pt x 271.01183pt.

Overfull \vbox (7.47873pt too high) has occurred while \output is active []


[38 <./c1_ports.png>]
Overfull \vbox (7.47873pt too high) has occurred while \output is active []


[39 <./validation.pdf>]

pdfTeX warning: pdflatex.exe (file ./synth_desc.pdf): PDF inclusion: found PDF 
version <1.7>, but at most version <1.5> allowed
<synth_desc.pdf, id=252, 963.6pt x 542.025pt>
File: synth_desc.pdf Graphic file (type pdf)
 <use synth_desc.pdf>
Package pdftex.def Info: synth_desc.pdf used on input line 130.
(pdftex.def)             Requested size: 481.79883pt x 271.01183pt.

Overfull \vbox (7.643pt too high) has occurred while \output is active []

 [40]
Overfull \vbox (7.643pt too high) has occurred while \output is active []

 [41 <./synth_desc.pdf>]

pdfTeX warning: pdflatex.exe (file ./confusion.pdf): PDF inclusion: found PDF v
ersion <1.7>, but at most version <1.5> allowed
<confusion.pdf, id=272, 963.6pt x 542.025pt>
File: confusion.pdf Graphic file (type pdf)
 <use confusion.pdf>
Package pdftex.def Info: confusion.pdf used on input line 149.
(pdftex.def)             Requested size: 481.79883pt x 271.01183pt.

Overfull \vbox (7.643pt too high) has occurred while \output is active []

 [42 <./confusion.pdf>]

pdfTeX warning: pdflatex.exe (file ./scenario1.pdf): PDF inclusion: found PDF v
ersion <1.7>, but at most version <1.5> allowed
<scenario1.pdf, id=288, 963.6pt x 542.025pt>
File: scenario1.pdf Graphic file (type pdf)
 <use scenario1.pdf>
Package pdftex.def Info: scenario1.pdf used on input line 199.
(pdftex.def)             Requested size: 433.616pt x 243.90898pt.

Overfull \vbox (7.643pt too high) has occurred while \output is active []

 [43]

pdfTeX warning: pdflatex.exe (file ./scenario2.pdf): PDF inclusion: found PDF v
ersion <1.7>, but at most version <1.5> allowed
<scenario2.pdf, id=292, 963.6pt x 542.025pt>
File: scenario2.pdf Graphic file (type pdf)
 <use scenario2.pdf>
Package pdftex.def Info: scenario2.pdf used on input line 228.
(pdftex.def)             Requested size: 433.616pt x 243.90898pt.

Overfull \vbox (7.643pt too high) has occurred while \output is active []

 [44 <./scenario1.pdf>]

pdfTeX warning: pdflatex.exe (file ./scenario3.pdf): PDF inclusion: found PDF v
ersion <1.7>, but at most version <1.5> allowed
<scenario3.pdf, id=308, 963.6pt x 542.025pt>
File: scenario3.pdf Graphic file (type pdf)
 <use scenario3.pdf>
Package pdftex.def Info: scenario3.pdf used on input line 255.
(pdftex.def)             Requested size: 385.43317pt x 216.80615pt.

Overfull \vbox (7.643pt too high) has occurred while \output is active []

 [45 <./scenario2.pdf>]
Overfull \vbox (7.643pt too high) has occurred while \output is active []

 [46 <./scenario3.pdf>]

pdfTeX warning: pdflatex.exe (file ./scenario4.pdf): PDF inclusion: found PDF v
ersion <1.7>, but at most version <1.5> allowed
<scenario4.pdf, id=339, 963.6pt x 542.025pt>
File: scenario4.pdf Graphic file (type pdf)
 <use scenario4.pdf>
Package pdftex.def Info: scenario4.pdf used on input line 288.
(pdftex.def)             Requested size: 433.616pt x 243.90898pt.

Overfull \vbox (7.643pt too high) has occurred while \output is active []

 [47 <./scenario4.pdf>] <constant.png, id=356, 394.47375pt x 233.87375pt>
File: constant.png Graphic file (type png)

<use constant.png>
Package pdftex.def Info: constant.png used on input line 300.
(pdftex.def)             Requested size: 394.47278pt x 233.87315pt.

Underfull \vbox (badness 10000) has occurred while \output is active []


Overfull \vbox (7.643pt too high) has occurred while \output is active []

 [48 <./constant.png>]
File: constant.png Graphic file (type png)
 <use constant.png>
Package pdftex.def Info: constant.png used on input line 310.
(pdftex.def)             Requested size: 394.47278pt x 233.87315pt.

Underfull \vbox (badness 1048) has occurred while \output is active []


Overfull \vbox (7.643pt too high) has occurred while \output is active []

 [49]
<tool_compare_days.png, id=364, 962.09438pt x 446.16687pt>
File: tool_compare_days.png Graphic file (type png)

<use tool_compare_days.png>
Package pdftex.def Info: tool_compare_days.png used on input line 332.
(pdftex.def)             Requested size: 432.93846pt x 200.77324pt.

<tool_compare_week.png, id=365, 963.6pt x 542.025pt>
File: tool_compare_week.png Graphic file (type png)

<use tool_compare_week.png>
Package pdftex.def Info: tool_compare_week.png used on input line 339.
(pdftex.def)             Requested size: 433.616pt x 243.90898pt.
)
Overfull \vbox (7.47873pt too high) has occurred while \output is active []


[50 <./tool_compare_days.png> <./tool_compare_week.png>]
\openout2 = `chap7.aux'.

 (chap7.tex
DEBUG: @chapter: arg 1 = [Conclusion]
DEBUG: @chapter: arg 2 = [{\hyphenpenalty =10000\exhyphenpenalty =10000\relax C
onclusion}]
CHAPTER 7.

Underfull \vbox (badness 10000) has occurred while \output is active []

 [51



]
Overfull \hbox (1.07881pt too wide) in paragraph at lines 18--19
[]\OT1/ppl/m/n/10.95 Investigate and build ap-pli-ca-tions us-ing the re-sults 
of our sys-tem. Our sys-tem groups
 []


Overfull \vbox (7.47873pt too high) has occurred while \output is active []


[52])
Overfull \vbox (7.47873pt too high) has occurred while \output is active []


[53] (sample-thesis-0.bbl [54

]
Overfull \vbox (7.47873pt too high) has occurred while \output is active []


[55])
Overfull \vbox (7.47873pt too high) has occurred while \output is active []


[56] (sample-thesis-0.aux (chap1.aux) (chap2.aux) (chap3.aux) (chap4.aux)
(chap5.aux) (chap6.aux) (chap7.aux))

LaTeX Warning: There were multiply-defined labels.

 ) 
Here is how much of TeX's memory you used:
 14063 strings out of 493323
 273736 string characters out of 3138204
 310548 words of memory out of 3000000
 17161 multiletter control sequences out of 15000+200000
 59411 words of font info for 165 fonts, out of 3000000 for 9000
 1141 hyphenation exceptions out of 8191
 55i,9n,65p,2160b,249s stack positions out of 5000i,500n,10000p,200000b,50000s
{C:/Program Files/MiKTeX 2.9_1/fonts/enc/dvips/base/8r.enc}<C:/Program Files/
MiKTeX 2.9_1/fonts/type1/public/amsfonts/cm/cmbsy10.pfb><C:/Program Files/MiKTe
X 2.9_1/fonts/type1/public/amsfonts/cm/cmbx10.pfb><C:/Program Files/MiKTeX 2.9_
1/fonts/type1/public/amsfonts/cm/cmcsc10.pfb><C:/Program Files/MiKTeX 2.9_1/fon
ts/type1/public/amsfonts/cm/cmex10.pfb><C:/Program Files/MiKTeX 2.9_1/fonts/typ
e1/public/amsfonts/cm/cmr10.pfb><C:/Program Files/MiKTeX 2.9_1/fonts/type1/publ
ic/amsfonts/cm/cmsy10.pfb><C:/Program Files/MiKTeX 2.9_1/fonts/type1/public/mat
hpazo/fplmr.pfb><C:/Program Files/MiKTeX 2.9_1/fonts/type1/urw/palatino/uplb8a.
pfb><C:/Program Files/MiKTeX 2.9_1/fonts/type1/urw/palatino/uplbi8a.pfb><C:/Pro
gram Files/MiKTeX 2.9_1/fonts/type1/urw/palatino/uplr8a.pfb><C:/Program Files/M
iKTeX 2.9_1/fonts/type1/urw/palatino/uplr8a.pfb><C:/Program Files/MiKTeX 2.9_1/
fonts/type1/urw/palatino/uplri8a.pfb>
Output written on sample-thesis-0.pdf (64 pages, 2043803 bytes).
PDF statistics:
 432 PDF objects out of 1000 (max. 8388607)
 0 named destinations out of 1000 (max. 500000)
 158 words of extra memory for PDF output out of 10000 (max. 10000000)

